<?xml version="1.0" encoding="UTF-8"?>
<coverage generated="1642610650">
  <project timestamp="1642610650">
    <file name="C:\laragon\www\digitals-events\src\TestClass.php">
      <metrics loc="9" ncloc="4" classes="0" methods="0" coveredmethods="0" conditionals="0" coveredconditionals="0" statements="0" coveredstatements="0" elements="0" coveredelements="0"/>
    </file>
    <metrics files="1" loc="9" ncloc="4" classes="0" methods="0" coveredmethods="0" conditionals="0" coveredconditionals="0" statements="0" coveredstatements="0" elements="0" coveredelements="0"/>
  </project>
</coverage>
